remote-addr - - [18/Aug/2019:11:11:28 +0000]                             "POST /api/v1/resturant HTTP/1.1" 200 2 "                           -" "PostmanRuntime/7.15.2" 11.150 ms
remote-addr - - [18/Aug/2019:11:34:42 +0000]                             "POST /api/v1/resturant HTTP/1.1" 200 2 "                           -" "PostmanRuntime/7.15.2" 9.436 ms
remote-addr - - [18/Aug/2019:11:43:00 +0000]                             "POST /api/v1/resturant HTTP/1.1" 200 125 "                           -" "PostmanRuntime/7.15.2" 20.162 ms
remote-addr - - [18/Aug/2019:11:57:48 +0000]                             "POST /api/v1/resturant HTTP/1.1" 200 143 "                           -" "PostmanRuntime/7.15.2" 4.307 ms
remote-addr - - [18/Aug/2019:11:58:37 +0000]                             "POST /api/v1/resturant HTTP/1.1" 200 2 "                           -" "PostmanRuntime/7.15.2" 23.897 ms
remote-addr - - [18/Aug/2019:11:58:50 +0000]                             "POST /api/v1/resturant HTTP/1.1" 200 2 "                           -" "PostmanRuntime/7.15.2" 1.303 ms
remote-addr - - [18/Aug/2019:12:01:00 +0000]                             "POST /api/v1/resturant HTTP/1.1" 200 2 "                           -" "PostmanRuntime/7.15.2" 0.886 ms
remote-addr - - [18/Aug/2019:12:01:55 +0000]                             "POST /api/v1/resturant HTTP/1.1" 200 2 "                           -" "PostmanRuntime/7.15.2" 0.847 ms
remote-addr - - [18/Aug/2019:12:02:46 +0000]                             "POST /api/v1/resturant HTTP/1.1" 200 2 "                           -" "PostmanRuntime/7.15.2" 0.893 ms
remote-addr - - [18/Aug/2019:12:03:45 +0000]                             "POST /api/v1/resturant HTTP/1.1" 200 2 "                           -" "PostmanRuntime/7.15.2" 20.590 ms
remote-addr - - [18/Aug/2019:12:04:18 +0000]                             "POST /api/v1/resturant HTTP/1.1" 200 2 "                           -" "PostmanRuntime/7.15.2" 17.560 ms
remote-addr - - [18/Aug/2019:12:04:54 +0000]                             "POST /api/v1/resturant HTTP/1.1" 200 2 "                           -" "PostmanRuntime/7.15.2" 3.721 ms
remote-addr - - [18/Aug/2019:12:06:53 +0000]                             "POST /api/v1/resturant HTTP/1.1" 200 2 "                           -" "PostmanRuntime/7.15.2" 19.949 ms
remote-addr - - [18/Aug/2019:12:07:12 +0000]                             "POST /api/v1/resturant HTTP/1.1" 200 2 "                           -" "PostmanRuntime/7.15.2" 1.530 ms
remote-addr - - [18/Aug/2019:12:07:27 +0000]                             "POST /api/v1/resturant HTTP/1.1" 200 2 "                           -" "PostmanRuntime/7.15.2" 19.834 ms
remote-addr - - [18/Aug/2019:12:11:26 +0000]                             "POST /api/v1/resturant HTTP/1.1" 200 2 "                           -" "PostmanRuntime/7.15.2" 1.496 ms
remote-addr - - [18/Aug/2019:12:12:11 +0000]                             "POST /api/v1/resturant HTTP/1.1" 200 2 "                           -" "PostmanRuntime/7.15.2" 1.427 ms
remote-addr - - [18/Aug/2019:12:14:39 +0000]                             "POST /api/v1/resturant HTTP/1.1" 200 2 "                           -" "PostmanRuntime/7.15.2" 0.934 ms
remote-addr - - [18/Aug/2019:12:15:11 +0000]                             "POST /api/v1/resturant HTTP/1.1" 200 2 "                           -" "PostmanRuntime/7.15.2" 20.674 ms
remote-addr - - [18/Aug/2019:12:15:45 +0000]                             "POST /api/v1/resturant HTTP/1.1" 200 2 "                           -" "PostmanRuntime/7.15.2" 22.304 ms
remote-addr - - [18/Aug/2019:12:19:13 +0000]                             "POST /api/v1/resturant HTTP/1.1" 200 2 "                           -" "PostmanRuntime/7.15.2" 1.529 ms
remote-addr - - [18/Aug/2019:12:19:52 +0000]                             "POST /api/v1/resturant HTTP/1.1" 200 2 "                           -" "PostmanRuntime/7.15.2" 22150.653 ms
remote-addr - - [18/Aug/2019:12:20:39 +0000]                             "POST /api/v1/resturant HTTP/1.1" 200 2 "                           -" "PostmanRuntime/7.15.2" 36565.885 ms
remote-addr - - [18/Aug/2019:12:26:26 +0000]                             "POST /api/v1/resturant HTTP/1.1" 200 2 "                           -" "PostmanRuntime/7.15.2" 56766.705 ms
remote-addr - - [18/Aug/2019:12:26:37 +0000]                             "POST /api/v1/resturant HTTP/1.1" 200 209 "                           -" "PostmanRuntime/7.15.2" 7357.815 ms
remote-addr - - [18/Aug/2019:12:30:37 +0000]                             "POST /api/v1/resturant HTTP/1.1" 200 212 "                           -" "PostmanRuntime/7.15.2" 3518.758 ms
remote-addr - - [18/Aug/2019:12:39:58 +0000]                             "POST /api/v1/resturant HTTP/1.1" 200 2 "                           -" "PostmanRuntime/7.15.2" 5.022 ms
remote-addr - - [18/Aug/2019:12:40:08 +0000]                             "POST /api/v1/resturant HTTP/1.1" 200 175 "                           -" "PostmanRuntime/7.15.2" 17.510 ms
remote-addr - - [18/Aug/2019:12:40:53 +0000]                             "POST /api/v1/resturant HTTP/1.1" 200 229 "                           -" "PostmanRuntime/7.15.2" 83.336 ms
remote-addr - - [18/Aug/2019:12:41:06 +0000]                             "POST /api/v1/resturant HTTP/1.1" 200 231 "                           -" "PostmanRuntime/7.15.2" 3.056 ms
remote-addr - - [18/Aug/2019:12:41:15 +0000]                             "POST /api/v1/resturant HTTP/1.1" 200 233 "                           -" "PostmanRuntime/7.15.2" 3.124 ms
remote-addr - - [18/Aug/2019:12:41:34 +0000]                             "POST /api/v1/resturant HTTP/1.1" 200 239 "                           -" "PostmanRuntime/7.15.2" 2.898 ms
remote-addr - - [18/Aug/2019:12:54:42 +0000]                             "POST /api/v1/chef HTTP/1.1" 200 124 "                           -" "PostmanRuntime/7.15.2" 15.761 ms
remote-addr - - [18/Aug/2019:12:55:47 +0000]                             "POST /api/v1/resturant HTTP/1.1" 200 261 "                           -" "PostmanRuntime/7.15.2" 19.536 ms
remote-addr - - [18/Aug/2019:12:56:16 +0000]                             "POST /api/v1/chef HTTP/1.1" 200 125 "                           -" "PostmanRuntime/7.15.2" 3.794 ms
remote-addr - - [18/Aug/2019:12:56:24 +0000]                             "POST /api/v1/chef HTTP/1.1" 200 124 "                           -" "PostmanRuntime/7.15.2" 6.689 ms
remote-addr - - [18/Aug/2019:12:56:36 +0000]                             "POST /api/v1/chef HTTP/1.1" 200 127 "                           -" "PostmanRuntime/7.15.2" 2.547 ms
remote-addr - - [18/Aug/2019:12:56:46 +0000]                             "POST /api/v1/chef HTTP/1.1" 200 127 "                           -" "PostmanRuntime/7.15.2" 2.741 ms
remote-addr - - [18/Aug/2019:13:12:15 +0000]                             "POST /api/v1/dish HTTP/1.1" 200 230 "                           -" "PostmanRuntime/7.15.2" 18.880 ms
remote-addr - - [18/Aug/2019:13:45:31 +0000]                             "POST /api/v1/dish HTTP/1.1" 200 241 "                           -" "PostmanRuntime/7.15.2" 5.156 ms
remote-addr - - [18/Aug/2019:13:46:39 +0000]                             "POST /api/v1/dish HTTP/1.1" 200 262 "                           -" "PostmanRuntime/7.15.2" 3.130 ms
remote-addr - - [18/Aug/2019:13:47:27 +0000]                             "POST /api/v1/dish HTTP/1.1" 200 213 "                           -" "PostmanRuntime/7.15.2" 3.103 ms
remote-addr - - [18/Aug/2019:13:48:11 +0000]                             "POST /api/v1/dish HTTP/1.1" 200 197 "                           -" "PostmanRuntime/7.15.2" 4.650 ms
remote-addr - - [18/Aug/2019:13:51:22 +0000]                             "POST /api/v1/dish HTTP/1.1" 200 248 "                           -" "PostmanRuntime/7.15.2" 3.916 ms
remote-addr - - [18/Aug/2019:14:14:04 +0000]                             "GET /api/v1/resturant/top3 HTTP/1.1" 200 2 "                           -" "PostmanRuntime/7.15.2" 3.965 ms
remote-addr - - [18/Aug/2019:14:26:39 +0000]                             "GET /api/v1/resturant/top3 HTTP/1.1" 200 2 "                           -" "PostmanRuntime/7.15.2" 699224.868 ms
remote-addr - - [18/Aug/2019:14:28:26 +0000]                             "GET /api/v1/resturant/top3 HTTP/1.1" 200 2 "                           -" "PostmanRuntime/7.15.2" 29419.326 ms
remote-addr - - [18/Aug/2019:14:29:28 +0000]                             "GET /api/v1/resturant/top3 HTTP/1.1" 200 877 "                           -" "PostmanRuntime/7.15.2" 2317.654 ms
remote-addr - - [18/Aug/2019:14:31:27 +0000]                             "GET /api/v1/resturant/top3 HTTP/1.1" 200 261 "                           -" "PostmanRuntime/7.15.2" 17.446 ms
remote-addr - - [18/Aug/2019:14:37:42 +0000]                             "GET /api/v1/resturant/top3 HTTP/1.1" 200 321 "                           -" "PostmanRuntime/7.15.2" 43107.338 ms
remote-addr - - [18/Aug/2019:15:02:24 +0000]                             "GET /api/v1/resturant/top3 HTTP/1.1" 200 321 "                           -" "PostmanRuntime/7.15.2" 17.763 ms
remote-addr - - [18/Aug/2019:15:02:56 +0000]                             "GET /api/v1/resturant/top3 HTTP/1.1" 200 222 "                           -" "PostmanRuntime/7.15.2" 18.179 ms
remote-addr - - [18/Aug/2019:15:20:10 +0000]                             "GET /api/v1/resturant/top3 HTTP/1.1" 200 126 "                           -" "PostmanRuntime/7.15.2" 15.556 ms
remote-addr - - [18/Aug/2019:15:27:22 +0000]                             "GET /api/v1/resturant/top3 HTTP/1.1" 200 222 "                           -" "PostmanRuntime/7.15.2" 21.726 ms
remote-addr - - [18/Aug/2019:15:30:16 +0000]                             "GET /api/v1/resturant/top3 HTTP/1.1" 200 2 "                           -" "PostmanRuntime/7.15.2" 14877.815 ms
remote-addr - - [18/Aug/2019:15:32:00 +0000]                             "GET /api/v1/resturant/top3 HTTP/1.1" 200 2 "                           -" "PostmanRuntime/7.15.2" 15399.802 ms
remote-addr - - [18/Aug/2019:15:33:58 +0000]                             "GET /api/v1/resturant/top3 HTTP/1.1" 200 2 "                           -" "PostmanRuntime/7.15.2" 56365.065 ms
remote-addr - - [19/Aug/2019:06:58:21 +0000]                             "POST /api/v1/resturant HTTP/1.1" 200 262 "                           -" "PostmanRuntime/7.15.2" 19.526 ms
remote-addr - - [19/Aug/2019:06:59:03 +0000]                             "POST /api/v1/resturant HTTP/1.1" 200 274 "                           -" "PostmanRuntime/7.15.2" 4.777 ms
remote-addr - - [19/Aug/2019:06:59:25 +0000]                             "POST /api/v1/resturant HTTP/1.1" 200 267 "                           -" "PostmanRuntime/7.15.2" 2.983 ms
remote-addr - - [19/Aug/2019:06:59:34 +0000]                             "GET /api/v1/resturant/top3 HTTP/1.1" 200 863 "                           -" "PostmanRuntime/7.15.2" 23.740 ms
remote-addr - - [19/Aug/2019:07:00:55 +0000]                             "GET /api/v1/resturant/top3 HTTP/1.1" 200 311 "                           -" "PostmanRuntime/7.15.2" 23.850 ms
remote-addr - - [19/Aug/2019:07:03:10 +0000]                             "GET /api/v1/resturant/top3 HTTP/1.1" 200 212 "                           -" "PostmanRuntime/7.15.2" 24.652 ms
remote-addr - - [19/Aug/2019:07:43:07 +0000]                             "POST /api/v1/dish HTTP/1.1" 200 235 "                           -" "PostmanRuntime/7.15.2" 19.434 ms
remote-addr - - [19/Aug/2019:07:45:04 +0000]                             "POST /api/v1/dish HTTP/1.1" 200 255 "                           -" "PostmanRuntime/7.15.2" 3.595 ms
remote-addr - - [19/Aug/2019:07:46:48 +0000]                             "POST /api/v1/dish HTTP/1.1" 200 264 "                           -" "PostmanRuntime/7.15.2" 3.128 ms
remote-addr - - [19/Aug/2019:07:48:39 +0000]                             "GET /api/v1/resturant/singturedishs HTTP/1.1" 404 169 "                           -" "PostmanRuntime/7.15.2" 3.929 ms
remote-addr - - [19/Aug/2019:07:49:38 +0000]                             "GET /api/v1/resturant/singturedishs HTTP/1.1" 404 169 "                           -" "PostmanRuntime/7.15.2" 4.305 ms
remote-addr - - [19/Aug/2019:07:49:56 +0000]                             "GET /api/v1/resturant/top3 HTTP/1.1" 200 212 "                           -" "PostmanRuntime/7.15.2" 23.009 ms
remote-addr - - [19/Aug/2019:07:50:15 +0000]                             "GET /api/v1/resturant/singturedishs HTTP/1.1" 200 480 "                           -" "PostmanRuntime/7.15.2" 27.008 ms
remote-addr - - [19/Aug/2019:07:51:35 +0000]                             "GET /api/v1/resturant/singturedishs HTTP/1.1" 200 546 "                           -" "PostmanRuntime/7.15.2" 24.821 ms
remote-addr - - [19/Aug/2019:08:16:32 +0000]                             "GET /api/v1/chef/chefoftheweek HTTP/1.1" 200 152 "                           -" "PostmanRuntime/7.15.2" 17.539 ms
remote-addr - - [19/Aug/2019:08:17:47 +0000]                             "GET /api/v1/chef/chefoftheweek HTTP/1.1" 200 170 "                           -" "PostmanRuntime/7.15.2" 8.380 ms
remote-addr - - [19/Aug/2019:08:21:07 +0000]                             "GET /api/v1/chef/chefoftheweek HTTP/1.1" 200 170 "                           -" "PostmanRuntime/7.15.2" 7.896 ms
remote-addr - - [19/Aug/2019:08:24:30 +0000]                             "GET /api/v1/chef/chefoftheweek HTTP/1.1" 200 170 "                           -" "PostmanRuntime/7.15.2" 74273.237 ms
remote-addr - - [19/Aug/2019:08:29:59 +0000]                             "GET /api/v1/chef/chefoftheweek HTTP/1.1" 200 54 "                           -" "PostmanRuntime/7.15.2" 3216.847 ms
remote-addr - - [19/Aug/2019:08:45:02 +0000]                             "GET /api/v1/resturant/allrests HTTP/1.1" 404 164 "                           -" "PostmanRuntime/7.15.2" 4.018 ms
remote-addr - - [19/Aug/2019:08:45:21 +0000]                             "GET /api/v1/resturant/allrests HTTP/1.1" 404 164 "                           -" "PostmanRuntime/7.15.2" 3.856 ms
remote-addr - - [19/Aug/2019:08:45:22 +0000]                             "GET /api/v1/resturant/allrests HTTP/1.1" 404 164 "                           -" "PostmanRuntime/7.15.2" 0.563 ms
remote-addr - - [19/Aug/2019:08:45:47 +0000]                             "GET /api/v1/resturant/allrests HTTP/1.1" 200 405 "                           -" "PostmanRuntime/7.15.2" 25.681 ms
remote-addr - - [19/Aug/2019:08:51:53 +0000]                             "GET /api/v1/resturant/newrests HTTP/1.1" 200 151 "                           -" "PostmanRuntime/7.15.2" 24.575 ms
remote-addr - - [19/Aug/2019:08:54:06 +0000]                             "GET /api/v1/resturant/popularrests HTTP/1.1" 200 143 "                           -" "PostmanRuntime/7.15.2" 25.651 ms
remote-addr - - [19/Aug/2019:08:58:57 +0000]                             "GET /api/v1/chef/allchefs HTTP/1.1" 200 118 "                           -" "PostmanRuntime/7.15.2" 15.949 ms
remote-addr - - [19/Aug/2019:09:00:52 +0000]                             "GET /api/v1/chef/newchefs HTTP/1.1" 200 118 "                           -" "PostmanRuntime/7.15.2" 16.995 ms
remote-addr - - [19/Aug/2019:09:03:10 +0000]                             "GET /api/v1/chef/popularchefs HTTP/1.1" 200 118 "                           -" "PostmanRuntime/7.15.2" 17.013 ms
remote-addr - - [19/Aug/2019:09:08:27 +0000]                             "GET /api/v1/resturant/resturantbyname?name:Moon HTTP/1.1" 200 2 "                           -" "PostmanRuntime/7.15.2" 13.680 ms
remote-addr - - [19/Aug/2019:09:08:36 +0000]                             "GET /api/v1/resturant/resturantbyname?name=Moon HTTP/1.1" 200 47 "                           -" "PostmanRuntime/7.15.2" 13.577 ms
remote-addr - - [19/Aug/2019:09:12:25 +0000]                             "GET /api/v1/resturant/resturantbyname?name=Moon HTTP/1.1" 200 47 "                           -" "PostmanRuntime/7.15.2" 30323.672 ms
remote-addr - - [19/Aug/2019:09:14:06 +0000]                             "GET /api/v1/resturant/resturantbyname?name=Moon HTTP/1.1" 200 47 "                           -" "PostmanRuntime/7.15.2" 2323.100 ms
remote-addr - - [19/Aug/2019:09:19:03 +0000]                             "GET /api/v1/resturant/resturantbyname?name=Moon HTTP/1.1" 200 89 "                           -" "PostmanRuntime/7.15.2" 24.889 ms
remote-addr - - [19/Aug/2019:09:19:43 +0000]                             "GET /api/v1/resturant/resturantbyname?name=Moon HTTP/1.1" 200 158 "                           -" "PostmanRuntime/7.15.2" 27.497 ms
remote-addr - - [19/Aug/2019:09:20:46 +0000]                             "GET /api/v1/resturant/resturantbyname?name=Moon HTTP/1.1" 200 129 "                           -" "PostmanRuntime/7.15.2" 26.458 ms
remote-addr - - [19/Aug/2019:10:11:30 +0000]                             "GET /api/v1/resturant/resturantbyname?name=Moon HTTP/1.1" 200 129 "                           -" "PostmanRuntime/7.15.2" 26.990 ms
remote-addr - - [19/Aug/2019:10:31:49 +0000]                             "GET /api/v1/resturant/resturantbyname?name=Moon HTTP/1.1" 200 129 "                           -" "PostmanRuntime/7.15.2" 26.973 ms
remote-addr - - [19/Aug/2019:10:31:50 +0000]                             "GET /api/v1/resturant/resturantbyname?name=Moon HTTP/1.1" 200 129 "                           -" "PostmanRuntime/7.15.2" 6.322 ms
remote-addr - - [19/Aug/2019:11:04:24 +0000]                             "POST /api/v1/order/ HTTP/1.1" 200 124 "                           -" "PostmanRuntime/7.15.2" 89.649 ms
remote-addr - - [19/Aug/2019:11:05:16 +0000]                             "POST /api/v1/order/ HTTP/1.1" 200 124 "                           -" "PostmanRuntime/7.15.2" 5.441 ms
remote-addr - - [19/Aug/2019:11:15:09 +0000]                             "GET /api/v1/order/myorder HTTP/1.1" 200 336 "                           -" "PostmanRuntime/7.15.2" 28.746 ms
remote-addr - - [19/Aug/2019:11:49:56 +0000]                             "GET /api/v1/resturant/opennow HTTP/1.1" 200 94 "                           -" "PostmanRuntime/7.15.2" 13.329 ms
remote-addr - - [19/Aug/2019:12:16:26 +0000]                             "POST /api/v1/resturant HTTP/1.1" 200 263 "                           -" "PostmanRuntime/7.15.2" 14.562 ms
remote-addr - - [19/Aug/2019:13:15:00 +0000]                             "POST /api/v1/dish HTTP/1.1" 400 36 "                           -" "PostmanRuntime/7.15.2" 113.484 ms
remote-addr - - [19/Aug/2019:13:18:21 +0000]                             "POST /api/v1/dish HTTP/1.1" 400 36 "                           -" "PostmanRuntime/7.15.2" 102.944 ms
remote-addr - - [19/Aug/2019:13:19:59 +0000]                             "POST /api/v1/dish HTTP/1.1" 200 253 "                           -" "PostmanRuntime/7.15.2" 104.361 ms
remote-addr - - [19/Aug/2019:13:20:30 +0000]                             "POST /api/v1/dish HTTP/1.1" 400 36 "                           -" "PostmanRuntime/7.15.2" 105.224 ms
remote-addr - - [19/Aug/2019:13:21:15 +0000]                             "POST /api/v1/dish HTTP/1.1" 400 36 "                           -" "PostmanRuntime/7.15.2" 98.738 ms
remote-addr - - [19/Aug/2019:13:21:29 +0000]                             "POST /api/v1/dish HTTP/1.1" 400 36 "                           -" "PostmanRuntime/7.15.2" 104.704 ms
remote-addr - - [19/Aug/2019:13:21:51 +0000]                             "POST /api/v1/dish HTTP/1.1" 400 36 "                           -" "PostmanRuntime/7.15.2" 106.884 ms
remote-addr - - [19/Aug/2019:13:23:15 +0000]                             "POST /api/v1/dish HTTP/1.1" 400 36 "                           -" "PostmanRuntime/7.15.2" 110.376 ms
remote-addr - - [19/Aug/2019:13:25:19 +0000]                             "POST /api/v1/dish HTTP/1.1" 200 264 "                           -" "PostmanRuntime/7.15.2" 102.836 ms
remote-addr - - [19/Aug/2019:13:26:03 +0000]                             "POST /api/v1/dish HTTP/1.1" 200 265 "                           -" "PostmanRuntime/7.15.2" 118.762 ms
remote-addr - - [19/Aug/2019:13:26:36 +0000]                             "POST /api/v1/dish HTTP/1.1" 400 36 "                           -" "PostmanRuntime/7.15.2" 101.677 ms
remote-addr - - [19/Aug/2019:13:28:26 +0000]                             "POST /api/v1/dish HTTP/1.1" 400 36 "                           -" "PostmanRuntime/7.15.2" 100.485 ms
remote-addr - - [19/Aug/2019:13:29:27 +0000]                             "POST /api/v1/dish HTTP/1.1" 400 36 "                           -" "PostmanRuntime/7.15.2" 102.012 ms
remote-addr - - [19/Aug/2019:13:30:03 +0000]                             "POST /api/v1/dish HTTP/1.1" 400 36 "                           -" "PostmanRuntime/7.15.2" 99.442 ms
remote-addr - - [19/Aug/2019:13:30:26 +0000]                             "POST /api/v1/dish HTTP/1.1" 400 36 "                           -" "PostmanRuntime/7.15.2" 101.913 ms
remote-addr - - [19/Aug/2019:13:31:09 +0000]                             "POST /api/v1/dish HTTP/1.1" 200 264 "                           -" "PostmanRuntime/7.15.2" 101.841 ms
remote-addr - - [19/Aug/2019:13:31:17 +0000]                             "POST /api/v1/dish HTTP/1.1" 200 173 "                           -" "PostmanRuntime/7.15.2" 5.781 ms
remote-addr - - [19/Aug/2019:13:31:36 +0000]                             "POST /api/v1/dish HTTP/1.1" 400 36 "                           -" "PostmanRuntime/7.15.2" 104.000 ms
remote-addr - - [19/Aug/2019:13:39:09 +0000]                             "POST /api/v1/chef HTTP/1.1" 400 36 "                           -" "PostmanRuntime/7.15.2" 108.565 ms
remote-addr - - [19/Aug/2019:13:39:42 +0000]                             "POST /api/v1/chef HTTP/1.1" 400 36 "                           -" "PostmanRuntime/7.15.2" 97.190 ms
remote-addr - - [19/Aug/2019:13:40:55 +0000]                             "POST /api/v1/chef HTTP/1.1" 400 36 "                           -" "PostmanRuntime/7.15.2" 102.170 ms
remote-addr - - [19/Aug/2019:13:41:16 +0000]                             "POST /api/v1/chef HTTP/1.1" 400 36 "                           -" "PostmanRuntime/7.15.2" 95.353 ms
remote-addr - - [19/Aug/2019:13:42:13 +0000]                             "POST /api/v1/chef HTTP/1.1" 200 120 "                           -" "PostmanRuntime/7.15.2" 105.677 ms
remote-addr - - [19/Aug/2019:13:42:36 +0000]                             "POST /api/v1/chef HTTP/1.1" 400 36 "                           -" "PostmanRuntime/7.15.2" 101.954 ms
remote-addr - - [19/Aug/2019:13:43:57 +0000]                             "POST /api/v1/chef HTTP/1.1" 400 36 "                           -" "PostmanRuntime/7.15.2" 3.489 ms
remote-addr - - [20/Aug/2019:07:19:02 +0000]                             "POST /api/v1/resturant HTTP/1.1" 400 36 "                           -" "PostmanRuntime/7.15.2" 108.444 ms
remote-addr - - [20/Aug/2019:07:19:07 +0000]                             "POST /api/v1/resturant HTTP/1.1" 400 36 "                           -" "PostmanRuntime/7.15.2" 2.752 ms
remote-addr - - [20/Aug/2019:07:19:26 +0000]                             "GET /api/v1/resturant/top3 HTTP/1.1" 200 212 "                           -" "PostmanRuntime/7.15.2" 23.746 ms
remote-addr - - [20/Aug/2019:07:19:41 +0000]                             "GET /api/v1/resturant/singturedishs HTTP/1.1" 200 546 "                           -" "PostmanRuntime/7.15.2" 12.323 ms
remote-addr - - [20/Aug/2019:07:21:04 +0000]                             "GET /api/v1/resturant/allrests HTTP/1.1" 200 451 "                           -" "PostmanRuntime/7.15.2" 7.495 ms
remote-addr - - [20/Aug/2019:07:21:43 +0000]                             "GET /api/v1/resturant/opennow HTTP/1.1" 200 2 "                           -" "PostmanRuntime/7.15.2" 5.775 ms
remote-addr - - [20/Aug/2019:07:21:54 +0000]                             "GET /api/v1/resturant/opennow HTTP/1.1" 200 2 "                           -" "PostmanRuntime/7.15.2" 2.563 ms
remote-addr - - [20/Aug/2019:07:22:44 +0000]                             "GET /api/v1/resturant/newrests HTTP/1.1" 200 151 "                           -" "PostmanRuntime/7.15.2" 4.521 ms
remote-addr - - [20/Aug/2019:07:25:05 +0000]                             "GET /api/v1/resturant/?name=Moon HTTP/1.1" 404 156 "                           -" "PostmanRuntime/7.15.2" 1.519 ms
remote-addr - - [20/Aug/2019:07:25:29 +0000]                             "GET /api/v1/resturant/Moon HTTP/1.1" 404 160 "                           -" "PostmanRuntime/7.15.2" 1.082 ms
remote-addr - - [20/Aug/2019:07:26:09 +0000]                             "GET /api/v1/resturant/resturantbyname/?name=Moon HTTP/1.1" 200 129 "                           -" "PostmanRuntime/7.15.2" 6.269 ms
remote-addr - - [20/Aug/2019:07:26:37 +0000]                             "POST /api/v1/chef HTTP/1.1" 200 118 "                           -" "PostmanRuntime/7.15.2" 11.522 ms
remote-addr - - [20/Aug/2019:07:27:04 +0000]                             "GET /api/v1/chef/chefoftheweek HTTP/1.1" 200 54 "                           -" "PostmanRuntime/7.15.2" 2235.369 ms
remote-addr - - [20/Aug/2019:07:27:14 +0000]                             "GET /api/v1/chef/allchefs HTTP/1.1" 200 152 "                           -" "PostmanRuntime/7.15.2" 2.588 ms
remote-addr - - [20/Aug/2019:07:27:17 +0000]                             "GET /api/v1/chef/newchefs HTTP/1.1" 200 136 "                           -" "PostmanRuntime/7.15.2" 2.804 ms
remote-addr - - [20/Aug/2019:07:28:32 +0000]                             "GET /api/v1/resturant/resturantbyname?name=Moon HTTP/1.1" 200 129 "                           -" "PostmanRuntime/7.15.2" 5.024 ms
remote-addr - - [20/Aug/2019:08:06:40 +0000]                             "GET /api/v1/resturant/ HTTP/1.1" - - "                           -" "PostmanRuntime/7.15.2" - ms
remote-addr - - [20/Aug/2019:08:09:17 +0000]                             "GET /api/v1/resturant/ HTTP/1.1" 200 16 "                           -" "PostmanRuntime/7.15.2" 3.568 ms
remote-addr - - [20/Aug/2019:08:32:11 +0000]                             "GET /api/v1/resturant/ HTTP/1.1" 200 16 "                           -" "PostmanRuntime/7.15.2" 40359.395 ms
remote-addr - - [20/Aug/2019:08:32:48 +0000]                             "GET /api/v1/resturant/ HTTP/1.1" 200 16 "                           -" "PostmanRuntime/7.15.2" 2836.771 ms
remote-addr - - [20/Aug/2019:08:38:43 +0000]                             "GET /api/v1/resturant/ HTTP/1.1" 200 816 "                           -" "PostmanRuntime/7.15.2" 2752.298 ms
remote-addr - - [20/Aug/2019:08:59:08 +0000]                             "GET /api/v1/resturant/ HTTP/1.1" 200 816 "                           -" "PostmanRuntime/7.15.2" 38.606 ms
remote-addr - - [20/Aug/2019:09:00:01 +0000]                             "GET /api/v1/resturant/ HTTP/1.1" 200 816 "                           -" "PostmanRuntime/7.15.2" 12241.177 ms
remote-addr - - [20/Aug/2019:09:00:49 +0000]                             "GET /api/v1/resturant?name=Moon&id=2 HTTP/1.1" 200 816 "                           -" "PostmanRuntime/7.15.2" 21110.936 ms
remote-addr - - [20/Aug/2019:09:01:46 +0000]                             "GET /api/v1/resturant?name=Moon&id=2 HTTP/1.1" 200 816 "                           -" "PostmanRuntime/7.15.2" 3473.517 ms
remote-addr - - [20/Aug/2019:09:02:04 +0000]                             "GET /api/v1/resturant HTTP/1.1" 200 816 "                           -" "PostmanRuntime/7.15.2" 12745.283 ms
remote-addr - - [20/Aug/2019:09:13:11 +0000]                             "GET /api/v1/resturant HTTP/1.1" - - "                           -" "PostmanRuntime/7.15.2" - ms
remote-addr - - [20/Aug/2019:09:13:19 +0000]                             "GET /api/v1/resturant HTTP/1.1" - - "                           -" "PostmanRuntime/7.15.2" - ms
remote-addr - - [20/Aug/2019:09:13:59 +0000]                             "GET /api/v1/resturant HTTP/1.1" - - "                           -" "PostmanRuntime/7.15.2" - ms
remote-addr - - [20/Aug/2019:09:14:57 +0000]                             "GET /api/v1/resturant HTTP/1.1" - - "                           -" "PostmanRuntime/7.15.2" - ms
remote-addr - - [20/Aug/2019:09:15:51 +0000]                             "GET /api/v1/resturant HTTP/1.1" 200 816 "                           -" "PostmanRuntime/7.15.2" 6331.612 ms
remote-addr - - [20/Aug/2019:09:16:08 +0000]                             "GET /api/v1/resturant?name+Moon HTTP/1.1" 200 816 "                           -" "PostmanRuntime/7.15.2" 6301.757 ms
remote-addr - - [20/Aug/2019:09:16:19 +0000]                             "GET /api/v1/resturant?name=Moon HTTP/1.1" 200 129 "                           -" "PostmanRuntime/7.15.2" 2464.031 ms
remote-addr - - [20/Aug/2019:09:17:01 +0000]                             "GET /api/v1/resturant?id=%225d5a48cdd063f509f2cc5455%22 HTTP/1.1" 200 258 "                           -" "PostmanRuntime/7.15.2" 3070.967 ms
remote-addr - - [20/Aug/2019:09:17:20 +0000]                             "GET /api/v1/resturant?id=5d5a48cdd063f509f2cc5455 HTTP/1.1" 200 311 "                           -" "PostmanRuntime/7.15.2" 5.853 ms
remote-addr - - [20/Aug/2019:10:56:49 +0000]                             "PUT /api/v1/resturant?id=5d5a48cdd063f509f2cc5455 HTTP/1.1" - - "                           -" "PostmanRuntime/7.15.2" - ms
remote-addr - - [20/Aug/2019:10:58:23 +0000]                             "PUT /api/v1/resturant?id=5d5a48cdd063f509f2cc5455 HTTP/1.1" 200 311 "                           -" "PostmanRuntime/7.15.2" 16753.369 ms
remote-addr - - [20/Aug/2019:11:04:28 +0000]                             "PUT /api/v1/resturant?id=5d5a48cdd063f509f2cc5455 HTTP/1.1" 200 311 "                           -" "PostmanRuntime/7.15.2" 7386.274 ms
remote-addr - - [20/Aug/2019:11:05:47 +0000]                             "PUT /api/v1/resturant?id=5d5a48cdd063f509f2cc5455 HTTP/1.1" 200 311 "                           -" "PostmanRuntime/7.15.2" 62572.952 ms
remote-addr - - [20/Aug/2019:11:06:08 +0000]                             "PUT /api/v1/resturant?id=5d5a48cdd063f509f2cc5455 HTTP/1.1" 200 311 "                           -" "PostmanRuntime/7.15.2" 4139.251 ms
remote-addr - - [20/Aug/2019:11:09:53 +0000]                             "PUT /api/v1/resturant?id=5d5a48cdd063f509f2cc5455 HTTP/1.1" 200 311 "                           -" "PostmanRuntime/7.15.2" 2317.101 ms
remote-addr - - [20/Aug/2019:11:24:56 +0000]                             "POST /api/v1/resturant HTTP/1.1" 400 36 "                           -" "PostmanRuntime/7.15.2" 101.189 ms
remote-addr - - [20/Aug/2019:11:25:52 +0000]                             "POST /api/v1/resturant HTTP/1.1" 200 269 "                           -" "PostmanRuntime/7.15.2" 103.122 ms
remote-addr - - [20/Aug/2019:11:26:16 +0000]                             "POST /api/v1/resturant HTTP/1.1" 400 36 "                           -" "PostmanRuntime/7.15.2" 104.862 ms
remote-addr - - [20/Aug/2019:11:26:37 +0000]                             "POST /api/v1/resturant HTTP/1.1" 200 269 "                           -" "PostmanRuntime/7.15.2" 101.594 ms
remote-addr - - [20/Aug/2019:11:27:13 +0000]                             "POST /api/v1/resturant HTTP/1.1" 400 36 "                           -" "PostmanRuntime/7.15.2" 113.492 ms
remote-addr - - [20/Aug/2019:11:27:50 +0000]                             "POST /api/v1/resturant HTTP/1.1" 200 268 "                           -" "PostmanRuntime/7.15.2" 96.056 ms
remote-addr - - [20/Aug/2019:11:51:53 +0000]                             "GET /api/v1/resturant/openrests HTTP/1.1" 200 104 "                           -" "PostmanRuntime/7.15.2" 14.438 ms
remote-addr - - [20/Aug/2019:11:53:47 +0000]                             "GET /api/v1/resturant/openrests HTTP/1.1" 200 104 "                           -" "PostmanRuntime/7.15.2" 3.302 ms
remote-addr - - [20/Aug/2019:11:57:23 +0000]                             "GET /api/v1/resturant/openrests HTTP/1.1" 200 205 "                           -" "PostmanRuntime/7.15.2" 31.284 ms
remote-addr - - [20/Aug/2019:11:58:08 +0000]                             "GET /api/v1/resturant/openrests HTTP/1.1" 200 2 "                           -" "PostmanRuntime/7.15.2" 12.395 ms
remote-addr - - [20/Aug/2019:11:58:23 +0000]                             "GET /api/v1/resturant/openrests HTTP/1.1" 200 3695 "                           -" "PostmanRuntime/7.15.2" 25.269 ms
remote-addr - - [20/Aug/2019:12:12:07 +0000]                             "GET /api/v1/resturant/openrests HTTP/1.1" 200 123 "                           -" "PostmanRuntime/7.15.2" 12.578 ms
remote-addr - - [20/Aug/2019:12:35:37 +0000]                             "GET /api/v1/resturant/openrests HTTP/1.1" 200 2 "                           -" "PostmanRuntime/7.15.2" 8.371 ms
remote-addr - - [20/Aug/2019:12:38:44 +0000]                             "GET /api/v1/resturant/openrests HTTP/1.1" 200 4625 "                           -" "PostmanRuntime/7.15.2" 2473.415 ms
remote-addr - - [20/Aug/2019:12:39:40 +0000]                             "GET /api/v1/resturant/openrests HTTP/1.1" 200 2 "                           -" "PostmanRuntime/7.15.2" 2492.926 ms
remote-addr - - [20/Aug/2019:12:40:06 +0000]                             "GET /api/v1/resturant/openrests HTTP/1.1" 200 4625 "                           -" "PostmanRuntime/7.15.2" 2848.458 ms
remote-addr - - [20/Aug/2019:12:58:55 +0000]                             "GET /api/v1/resturant/search?search=Moon HTTP/1.1" - - "                           -" "PostmanRuntime/7.15.2" - ms
remote-addr - - [20/Aug/2019:13:00:12 +0000]                             "GET /api/v1/resturant/search?search=Moon HTTP/1.1" - - "                           -" "PostmanRuntime/7.15.2" - ms
remote-addr - - [20/Aug/2019:13:03:04 +0000]                             "GET /api/v1/resturant/search?search=Moon HTTP/1.1" - - "                           -" "PostmanRuntime/7.15.2" - ms
remote-addr - - [20/Aug/2019:13:04:36 +0000]                             "GET /api/v1/resturant/search?search=Moon HTTP/1.1" - - "                           -" "PostmanRuntime/7.15.2" - ms
remote-addr - - [20/Aug/2019:13:06:19 +0000]                             "GET /api/v1/resturant/search?search=Moon HTTP/1.1" 200 102 "                           -" "PostmanRuntime/7.15.2" 10808.674 ms
remote-addr - - [20/Aug/2019:13:18:08 +0000]                             "GET /api/v1/resturant/search?search=Moon HTTP/1.1" 200 102 "                           -" "PostmanRuntime/7.15.2" 3209.360 ms
remote-addr - - [20/Aug/2019:13:22:51 +0000]                             "GET /api/v1/resturant/search?search=Moon HTTP/1.1" 200 2 "                           -" "PostmanRuntime/7.15.2" 2268.075 ms
remote-addr - - [20/Aug/2019:13:23:12 +0000]                             "GET /api/v1/resturant/search?search=Moon HTTP/1.1" 200 343 "                           -" "PostmanRuntime/7.15.2" 1890.352 ms
remote-addr - - [20/Aug/2019:13:34:42 +0000]                             "GET /api/v1/resturant/search?search=obi%20Nahum HTTP/1.1" 200 10 "                           -" "PostmanRuntime/7.15.2" 2428.206 ms
remote-addr - - [20/Aug/2019:13:34:42 +0000]                             "GET /api/v1/resturant/search?search=obi%20Nahum HTTP/1.1" 200 10 "                           -" "PostmanRuntime/7.15.2" 2869.866 ms
remote-addr - - [20/Aug/2019:13:34:57 +0000]                             "GET /api/v1/resturant/search?search=omri HTTP/1.1" 200 128 "                           -" "PostmanRuntime/7.15.2" 1545.126 ms
remote-addr - - [20/Aug/2019:13:43:43 +0000]                             "GET /api/v1/chef/resturantsbyid?id=5d594a92e5a8fb0752a5367d HTTP/1.1" 200 2 "                           -" "PostmanRuntime/7.15.2" 13.025 ms
remote-addr - - [20/Aug/2019:13:44:51 +0000]                             "GET /api/v1/chef/resturantsbyid?id=5d594a92e5a8fb0752a5367d HTTP/1.1" 200 122 "                           -" "PostmanRuntime/7.15.2" 6.923 ms
remote-addr - - [20/Aug/2019:13:45:08 +0000]                             "GET /api/v1/chef/resturantsbyid?id=5d594a92e5a8fb0752a5367d HTTP/1.1" 200 2 "                           -" "PostmanRuntime/7.15.2" 12.024 ms
remote-addr - - [20/Aug/2019:13:46:19 +0000]                             "GET /api/v1/chef/resturantsbyid?id=5d594a92e5a8fb0752a5367d HTTP/1.1" 200 545 "                           -" "PostmanRuntime/7.15.2" 25.442 ms
remote-addr - - [21/Aug/2019:08:41:24 +0000]                             "GET /api/v1/resturant/openrests HTTP/1.1" - - "                           -" "PostmanRuntime/7.15.2" - ms
remote-addr - - [21/Aug/2019:08:41:41 +0000]                             "GET /api/v1/resturant/openrests HTTP/1.1" - - "                           -" "PostmanRuntime/7.15.2" - ms
remote-addr - - [21/Aug/2019:08:42:01 +0000]                             "POST /api/v1/resturant HTTP/1.1" - - "                           -" "PostmanRuntime/7.15.2" - ms
remote-addr - - [21/Aug/2019:08:42:09 +0000]                             "POST /api/v1/resturant HTTP/1.1" 200 267 "                           -" "PostmanRuntime/7.15.2" 94.009 ms
remote-addr - - [21/Aug/2019:08:50:44 +0000]                             "POST /api/v1/resturant HTTP/1.1" 200 267 "                           -" "PostmanRuntime/7.15.2" 4.630 ms
remote-addr - - [21/Aug/2019:08:55:36 +0000]                             "POST /api/v1/resturant HTTP/1.1" 400 36 "                           -" "PostmanRuntime/7.15.2" 4.030 ms
remote-addr - - [21/Aug/2019:09:00:09 +0000]                             "PUT /api/v1/resturant?id=5d5a48cdd063f509f2cc5455 HTTP/1.1" 200 310 "                           -" "PostmanRuntime/7.15.2" 2131.848 ms
remote-addr - - [21/Aug/2019:09:00:20 +0000]                             "PUT /api/v1/resturant?id=5d5a48cdd063f509f2cc5455 HTTP/1.1" 200 311 "                           -" "PostmanRuntime/7.15.2" 1142.025 ms
remote-addr - - [21/Aug/2019:09:08:53 +0000]                             "PUT /api/v1/resturant?id=5d5a48cdd063f509f2cc545 HTTP/1.1" 200 243 "                           -" "PostmanRuntime/7.15.2" 4381.297 ms
remote-addr - - [21/Aug/2019:09:11:14 +0000]                             "PUT /api/v1/resturant?id=5d5a48cdd063f509f2cc545 HTTP/1.1" 200 243 "                           -" "PostmanRuntime/7.15.2" 15.484 ms
remote-addr - - [21/Aug/2019:09:13:18 +0000]                             "PUT /api/v1/resturant?id=5d5a48cdd063f509f2cc545 HTTP/1.1" 200 243 "                           -" "PostmanRuntime/7.15.2" 110500.306 ms
remote-addr - - [21/Aug/2019:09:13:19 +0000]                             "PUT /api/v1/resturant?id=5d5a48cdd063f509f2cc5455 HTTP/1.1" 200 311 "                           -" "PostmanRuntime/7.15.2" 443.611 ms
remote-addr - - [21/Aug/2019:09:18:25 +0000]                             "GET /api/v1/api HTTP/1.1" 404 149 "                           -" "PostmanRuntime/7.15.2" 4.014 ms
remote-addr - - [21/Aug/2019:09:18:44 +0000]                             "GET /api/v1/api HTTP/1.1" 404 149 "                           -" "PostmanRuntime/7.15.2" 4.742 ms
remote-addr - - [21/Aug/2019:09:18:59 +0000]                             "GET /api/v1/api HTTP/1.1" 404 149 "                           -" "PostmanRuntime/7.15.2" 3.899 ms
remote-addr - - [21/Aug/2019:09:22:20 +0000]                             "GET /api/v1/api HTTP/1.1" 404 149 "                           -" "PostmanRuntime/7.15.2" 3.100 ms
remote-addr - - [21/Aug/2019:09:22:53 +0000]                             "GET /api/v1/api HTTP/1.1" 404 149 "                           -" "Mozilla/5.0 (Macintosh; Intel Mac OS X 10_14_6) AppleWebKit/537.36 (KHTML, like Gecko) Chrome/76.0.3809.100 Safari/537.36" 1.032 ms
remote-addr - - [21/Aug/2019:09:22:53 +0000]                             "GET /favicon.ico HTTP/1.1" 404 150 "                           http://localhost:3000/api/v1/api" "Mozilla/5.0 (Macintosh; Intel Mac OS X 10_14_6) AppleWebKit/537.36 (KHTML, like Gecko) Chrome/76.0.3809.100 Safari/537.36" 0.386 ms
remote-addr - - [21/Aug/2019:09:27:58 +0000]                             "GET /api/v1/api HTTP/1.1" 404 149 "                           -" "PostmanRuntime/7.15.2" 2.915 ms
remote-addr - - [21/Aug/2019:09:38:06 +0000]                             "GET /api/v1/api HTTP/1.1" 404 149 "                           -" "PostmanRuntime/7.15.2" 3.875 ms
